step_counter_core/build/intermediates/manifest_merge_blame_file/debug/manifest-merger-blame-debug-report.txt
1<?xml version="1.0" encoding="utf-8"?>
2<manifest xmlns:android="http://schemas.android.com/apk/res/android"
3    package="com.gtmc.sports.step_counter_core"
4    android:versionCode="100"
5    android:versionName="1.1.0" >
6
7    <uses-sdk
8        android:minSdkVersion="19"
8-->src/main/AndroidManifest.xml
9        android:targetSdkVersion="28" />
9-->src/main/AndroidManifest.xml
10
11    <uses-permission android:name="android.permission.READ_EXTERNAL_STORAGE" />
11-->src/main/AndroidManifest.xml:4:5-80
11-->src/main/AndroidManifest.xml:4:22-77
12    <uses-permission android:name="android.permission.WRITE_EXTERNAL_STORAGE" />
12-->src/main/AndroidManifest.xml:5:5-81
12-->src/main/AndroidManifest.xml:5:22-78
13    <uses-permission android:name="android.permission.WAKE_LOCK" />
13-->src/main/AndroidManifest.xml:6:5-68
13-->src/main/AndroidManifest.xml:6:22-65
14    <uses-permission android:name="android.permission.RECEIVE_BOOT_COMPLETED" />
14-->src/main/AndroidManifest.xml:7:5-81
14-->src/main/AndroidManifest.xml:7:22-78
15    <uses-permission android:name="com.android.launcher.permission.READ_SETTINGS" />
15-->src/main/AndroidManifest.xml:8:5-85
15-->src/main/AndroidManifest.xml:8:22-82
16
17    <!-- 协处理器计步权限 -->
18    <uses-feature
18-->src/main/AndroidManifest.xml:11:5-13:35
19        android:name="android.hardware.sensor.stepcounter"
19-->src/main/AndroidManifest.xml:12:9-59
20        android:required="true" />
20-->src/main/AndroidManifest.xml:13:9-32
21    <uses-feature
21-->src/main/AndroidManifest.xml:14:5-16:35
22        android:name="android.hardware.sensor.stepdetector"
22-->src/main/AndroidManifest.xml:15:9-60
23        android:required="true" />
23-->src/main/AndroidManifest.xml:16:9-32
24
25    <application>
25-->src/main/AndroidManifest.xml:18:5-59:19
26
27        <!-- 计步Service -->
28        <service
28-->src/main/AndroidManifest.xml:21:9-39:19
29            android:name="com.gtmc.sports.step_counter_core.TodayStepService"
29-->src/main/AndroidManifest.xml:22:13-45
30            android:enabled="true"
30-->src/main/AndroidManifest.xml:23:13-35
31            android:exported="false"
31-->src/main/AndroidManifest.xml:24:13-37
32            android:launchMode="singleInstance"
32-->src/main/AndroidManifest.xml:26:13-48
33            android:priority="1000"
33-->src/main/AndroidManifest.xml:27:13-36
34            android:process=":todaystep" >
34-->src/main/AndroidManifest.xml:25:13-41
35            <intent-filter>
35-->src/main/AndroidManifest.xml:28:13-38:29
36
37                <!-- 系统启动完成后会调用 -->
38                <action android:name="android.intent.action.BOOT_COMPLETED" />
38-->src/main/AndroidManifest.xml:31:17-79
38-->src/main/AndroidManifest.xml:31:25-76
39                <action android:name="android.intent.action.DATE_CHANGED" />
39-->src/main/AndroidManifest.xml:32:17-77
39-->src/main/AndroidManifest.xml:32:25-74
40                <action android:name="android.intent.action.MEDIA_MOUNTED" />
40-->src/main/AndroidManifest.xml:33:17-78
40-->src/main/AndroidManifest.xml:33:25-75
41                <action android:name="android.intent.action.USER_PRESENT" />
41-->src/main/AndroidManifest.xml:34:17-77
41-->src/main/AndroidManifest.xml:34:25-74
42                <action android:name="android.intent.action.ACTION_TIME_TICK" />
42-->src/main/AndroidManifest.xml:35:17-81
42-->src/main/AndroidManifest.xml:35:25-78
43                <action android:name="android.intent.action.ACTION_POWER_CONNECTED" />
43-->src/main/AndroidManifest.xml:36:17-87
43-->src/main/AndroidManifest.xml:36:25-84
44                <action android:name="android.intent.action.ACTION_POWER_DISCONNECTED" />
44-->src/main/AndroidManifest.xml:37:17-90
44-->src/main/AndroidManifest.xml:37:25-87
45            </intent-filter>
46        </service>
47
48        <!-- 开机自启动 -->
49        <receiver
49-->src/main/AndroidManifest.xml:42:9-49:20
50            android:name="com.gtmc.sports.step_counter_core.TodayStepBootCompleteReceiver"
50-->src/main/AndroidManifest.xml:43:13-58
51            android:enabled="true"
51-->src/main/AndroidManifest.xml:44:13-35
52            android:exported="false" >
52-->src/main/AndroidManifest.xml:45:13-37
53            <intent-filter>
53-->src/main/AndroidManifest.xml:46:13-48:29
54                <action android:name="android.intent.action.BOOT_COMPLETED" />
54-->src/main/AndroidManifest.xml:31:17-79
54-->src/main/AndroidManifest.xml:31:25-76
55            </intent-filter>
56        </receiver>
57
58        <!-- 关机广播 -->
59        <receiver android:name="com.gtmc.sports.step_counter_core.TodayStepShutdownReceiver" >
59-->src/main/AndroidManifest.xml:52:9-57:20
59-->src/main/AndroidManifest.xml:52:19-60
60            <intent-filter>
60-->src/main/AndroidManifest.xml:53:13-56:29
61
62                <!-- 关机广播 -->
63                <action android:name="android.intent.action.ACTION_SHUTDOWN" />
63-->src/main/AndroidManifest.xml:55:17-80
63-->src/main/AndroidManifest.xml:55:25-77
64            </intent-filter>
65        </receiver>
66    </application>
67
68</manifest>